<?xml version="1.0" encoding="UTF-8"?>
<!-- Generated by org.testng.reporters.JUnitReportReporter -->
<testsuite hostname="DESKTOP-GLMN8EP" failures="0" tests="1" name="tests.LandingTest" time="23.257" errors="0" timestamp="2025-09-16T17:08:25 IST" skipped="0">
  <testcase classname="tests.LandingTest" name="verifyLandingPageTitle" time="23.257"/>
</testsuite> <!-- tests.LandingTest -->
