<?xml version="1.0" encoding="UTF-8"?>
<!-- Generated by org.testng.reporters.JUnitReportReporter -->
<testsuite hostname="DESKTOP-GLMN8EP" failures="0" tests="1" name="tests.ShopTest" time="42.911" errors="0" timestamp="2025-09-17T15:28:47 IST" skipped="0">
  <testcase classname="tests.ShopTest" name="navigateToShop" time="42.911"/>
</testsuite> <!-- tests.ShopTest -->
